[90m2024-11-26T09:57:22.415Z[39m [32mDEBUG[39m [97m@wdio/browserstack-service[39m Sending SDK event with data {
  userName: '[REDACTED]',
  accessKey: '[REDACTED]',
  event_type: 'SDKTestAttempted',
  detectedFramework: 'WebdriverIO-mocha',
  event_properties: {
    language_framework: 'WebdriverIO_mocha',
    referrer: 'WebdriverIO-mocha/9.2.14',
    language: 'WebdriverIO',
    languageVersion: 'v18.19.1',
    buildName: 'undefined',
    buildIdentifier: 'undefined',
    os: 'Windows_NT',
    hostname: 'Michael',
    productMap: {
      observability: true,
      accessibility: false,
      percy: false,
      automate: false,
      app_automate: true
    },
    product: [ 'observability', 'app-automate' ]
  }
}
[90m2024-11-26T09:57:22.865Z[39m [32mDEBUG[39m [97m@wdio/browserstack-service[39m Funnel Event Response: "{\"message\":\"SDK Event recorded successfully\"}"
[90m2024-11-26T09:57:22.865Z[39m [32mDEBUG[39m [97m@wdio/browserstack-service[39m Funnel event success
[90m2024-11-26T09:57:22.865Z[39m [96mINFO[39m [97m@wdio/browserstack-service[39m Using app: bs://c7589e52f575e39bf1ed2682b18a91862ee8902f
[90m2024-11-26T09:57:22.866Z[39m [33mWARN[39m [97m@wdio/browserstack-service[39m Skipping buildIdentifier as buildName is not passed.
[90m2024-11-26T09:57:22.866Z[39m [32mDEBUG[39m [97m@wdio/browserstack-service[39m Sending launch start event
[90m2024-11-26T09:57:23.513Z[39m [32mDEBUG[39m [97m@wdio/browserstack-service[39m [Start_Build] Success response: {"observability":{"success":true,"options":{"allow_screenshots":true},"code":null,"errors":null,"error_trace_id":null},"accessibility":null,"automate":null,"build_hashed_id":"urjgcmhygw322v8qkqa4mf2qysa8zidgyrf6svgi","jwt":"eyJhbGciOiJIUzI1NiJ9.eyJpc3MiOiJicm93c2Vyc3RhY2tfb2IiLCJzdWIiOiI1Mzg2Nzc3IiwiZ3JvdXBfaWQiOjUzMjAxMzgsInVzZXJfaWQiOjUzODY3NzcsImJ1aWxkX2hhc2hlZF9pZCI6InVyamdjbWh5Z3czMjJ2OHFrcWE0bWYycXlzYTh6aWRneXJmNnN2Z2kiLCJob29rX2FzX3Rlc3QiOiIxIiwiYnVpbGRfbmFtZSI6IndkaW8tYXBwaXVtIiwicHJvZHVjdF9tYXAiOiJ7XCJvYnNlcnZhYmlsaXR5XCI6dHJ1ZSxcIm9yaWdpbkZyb21Qcm9kdWN0TWFwXCI6XCJBcHBBdXRvbWF0ZVwiLFwiYnN0YWNrQXV0b21hdGlvblwiOnRydWUsXCJwcm9kdWN0RmlsdGVyU291cmNlXCI6dHJ1ZSxcImNhZFwiOnRydWUsXCJhcHBfYXV0b21hdGVcIjp0cnVlfSIsImdycl9yZWdpb24iOiIiLCJzaWduaW5nX2tleV9oYXNoIjoiN2RmNmU2ODNjNjcwOTFiNmJjYWI0OTVlM2Y3ZjJhYTE2OWM3NWYzMWZiYWZhNTBmNDcwMjRjODFiOWU3MDUzZCIsImlhdCI6MTczMjYxNTA0MywiZXhwIjoxNzMyOTYwNjQzfQ.RqNAxpZ0pGAh9zMF-sMwtIcC9lbnrk-vR5EARt2yN0c","app_automate":{"success":true,"options":{"allow_screenshots":true},"code":null,"errors":null,"error_trace_id":null}}
[90m2024-11-26T09:57:28.377Z[39m [96mINFO[39m [97m@wdio/browserstack-service[39m Browserstack Local successfully started after 4662.446299999952ms
[90m2024-11-26T09:57:52.541Z[39m [32mDEBUG[39m [97m@wdio/browserstack-service[39m Requesting Browserstack session URL at https://api.browserstack.com/automate/sessions/72d91af1dada89d2e2152b11ca6a20650d3f307a.json
[90m2024-11-26T09:57:53.151Z[39m [96mINFO[39m [97m@wdio/browserstack-service[39m google pixel 4 xl 10.0 session: https://app-automate.browserstack.com/builds/a79373ec6a8c491abdadd184862a8db37c074bf5/sessions/72d91af1dada89d2e2152b11ca6a20650d3f307a
[90m2024-11-26T09:57:53.158Z[39m [96mINFO[39m [97m@wdio/browserstack-service[39m Update job with sessionId 72d91af1dada89d2e2152b11ca6a20650d3f307a
[90m2024-11-26T09:57:53.158Z[39m [32mDEBUG[39m [97m@wdio/browserstack-service[39m Updating Browserstack session at https://api.browserstack.com/automate/sessions/72d91af1dada89d2e2152b11ca6a20650d3f307a.json with request body: 
[90m2024-11-26T09:57:53.415Z[39m [32mDEBUG[39m [97m@wdio/browserstack-service[39m Added data to request queue. Queue length = 1
[90m2024-11-26T09:57:53.593Z[39m [32mDEBUG[39m [97m@wdio/browserstack-service[39m Added data to request queue. Queue length = 2
[90m2024-11-26T09:57:55.234Z[39m [32mDEBUG[39m [97m@wdio/browserstack-service[39m Added data to request queue. Queue length = 3
[90m2024-11-26T09:57:55.418Z[39m [32mDEBUG[39m [97m@wdio/browserstack-service[39m Sending data from request queue. Data length = 3, Queue length after removal = 0
[90m2024-11-26T09:57:55.418Z[39m [32mDEBUG[39m [97m@wdio/browserstack-service[39m calling callback with kind INTERVAL_QUEUE
[90m2024-11-26T09:57:55.418Z[39m [32mDEBUG[39m [97m@wdio/browserstack-service[39m callback: called with events 3
[90m2024-11-26T09:57:55.688Z[39m [32mDEBUG[39m [97m@wdio/browserstack-service[39m Added data to request queue. Queue length = 1
[90m2024-11-26T09:57:56.053Z[39m [32mDEBUG[39m [97m@wdio/browserstack-service[39m [BATCH_DATA] Success response: {"success":true}
[90m2024-11-26T09:57:56.053Z[39m [32mDEBUG[39m [97m@wdio/browserstack-service[39m callback: marking events success 3
[90m2024-11-26T09:57:56.348Z[39m [32mDEBUG[39m [97m@wdio/browserstack-service[39m Added data to request queue. Queue length = 2
[90m2024-11-26T09:57:57.421Z[39m [32mDEBUG[39m [97m@wdio/browserstack-service[39m Sending data from request queue. Data length = 2, Queue length after removal = 0
[90m2024-11-26T09:57:57.421Z[39m [32mDEBUG[39m [97m@wdio/browserstack-service[39m calling callback with kind INTERVAL_QUEUE
[90m2024-11-26T09:57:57.421Z[39m [32mDEBUG[39m [97m@wdio/browserstack-service[39m callback: called with events 2
[90m2024-11-26T09:57:57.422Z[39m [32mDEBUG[39m [97m@wdio/browserstack-service[39m Added data to request queue. Queue length = 1
[90m2024-11-26T09:57:57.576Z[39m [32mDEBUG[39m [97m@wdio/browserstack-service[39m Added data to request queue. Queue length = 2
[90m2024-11-26T09:57:57.586Z[39m [32mDEBUG[39m [97m@wdio/browserstack-service[39m [BATCH_DATA] Success response: {"success":true}
[90m2024-11-26T09:57:57.586Z[39m [32mDEBUG[39m [97m@wdio/browserstack-service[39m callback: marking events success 2
[90m2024-11-26T09:57:58.137Z[39m [32mDEBUG[39m [97m@wdio/browserstack-service[39m Added data to request queue. Queue length = 3
[90m2024-11-26T09:57:58.836Z[39m [32mDEBUG[39m [97m@wdio/browserstack-service[39m Added data to request queue. Queue length = 4
[90m2024-11-26T09:57:58.996Z[39m [32mDEBUG[39m [97m@wdio/browserstack-service[39m Added data to request queue. Queue length = 5
[90m2024-11-26T09:57:59.431Z[39m [32mDEBUG[39m [97m@wdio/browserstack-service[39m Sending data from request queue. Data length = 5, Queue length after removal = 0
[90m2024-11-26T09:57:59.431Z[39m [32mDEBUG[39m [97m@wdio/browserstack-service[39m calling callback with kind INTERVAL_QUEUE
[90m2024-11-26T09:57:59.431Z[39m [32mDEBUG[39m [97m@wdio/browserstack-service[39m callback: called with events 5
[90m2024-11-26T09:57:59.511Z[39m [32mDEBUG[39m [97m@wdio/browserstack-service[39m Added data to request queue. Queue length = 1
[90m2024-11-26T09:57:59.596Z[39m [32mDEBUG[39m [97m@wdio/browserstack-service[39m [BATCH_DATA] Success response: {"success":true}
[90m2024-11-26T09:57:59.596Z[39m [32mDEBUG[39m [97m@wdio/browserstack-service[39m callback: marking events success 5
[90m2024-11-26T09:58:00.205Z[39m [32mDEBUG[39m [97m@wdio/browserstack-service[39m Added data to request queue. Queue length = 2
[90m2024-11-26T09:58:00.385Z[39m [32mDEBUG[39m [97m@wdio/browserstack-service[39m Added data to request queue. Queue length = 3
[90m2024-11-26T09:58:01.441Z[39m [32mDEBUG[39m [97m@wdio/browserstack-service[39m Sending data from request queue. Data length = 3, Queue length after removal = 0
[90m2024-11-26T09:58:01.441Z[39m [32mDEBUG[39m [97m@wdio/browserstack-service[39m calling callback with kind INTERVAL_QUEUE
[90m2024-11-26T09:58:01.441Z[39m [32mDEBUG[39m [97m@wdio/browserstack-service[39m callback: called with events 3
[90m2024-11-26T09:58:01.599Z[39m [32mDEBUG[39m [97m@wdio/browserstack-service[39m [BATCH_DATA] Success response: {"success":true}
[90m2024-11-26T09:58:01.599Z[39m [32mDEBUG[39m [97m@wdio/browserstack-service[39m callback: marking events success 3
[90m2024-11-26T09:58:02.101Z[39m [32mDEBUG[39m [97m@wdio/browserstack-service[39m Added data to request queue. Queue length = 1
[90m2024-11-26T09:58:02.251Z[39m [32mDEBUG[39m [97m@wdio/browserstack-service[39m Added data to request queue. Queue length = 2
[90m2024-11-26T09:58:02.253Z[39m [32mDEBUG[39m [97m@wdio/browserstack-service[39m Added data to request queue. Queue length = 3
[90m2024-11-26T09:58:02.253Z[39m [32mDEBUG[39m [97m@wdio/browserstack-service[39m Added data to request queue. Queue length = 4
[90m2024-11-26T09:58:02.630Z[39m [32mDEBUG[39m [97m@wdio/browserstack-service[39m Added data to request queue. Queue length = 5
[90m2024-11-26T09:58:02.821Z[39m [32mDEBUG[39m [97m@wdio/browserstack-service[39m Added data to request queue. Queue length = 6
[90m2024-11-26T09:58:03.441Z[39m [32mDEBUG[39m [97m@wdio/browserstack-service[39m Sending data from request queue. Data length = 6, Queue length after removal = 0
[90m2024-11-26T09:58:03.441Z[39m [32mDEBUG[39m [97m@wdio/browserstack-service[39m calling callback with kind INTERVAL_QUEUE
[90m2024-11-26T09:58:03.441Z[39m [32mDEBUG[39m [97m@wdio/browserstack-service[39m callback: called with events 6
[90m2024-11-26T09:58:03.601Z[39m [32mDEBUG[39m [97m@wdio/browserstack-service[39m [BATCH_DATA] Success response: {"success":true}
[90m2024-11-26T09:58:03.601Z[39m [32mDEBUG[39m [97m@wdio/browserstack-service[39m callback: marking events success 6
[90m2024-11-26T09:58:04.435Z[39m [32mDEBUG[39m [97m@wdio/browserstack-service[39m Added data to request queue. Queue length = 1
[90m2024-11-26T09:58:04.435Z[39m [32mDEBUG[39m [97m@wdio/browserstack-service[39m Added data to request queue. Queue length = 2
[90m2024-11-26T09:58:04.435Z[39m [96mINFO[39m [97m@wdio/browserstack-service[39m Update job with sessionId 72d91af1dada89d2e2152b11ca6a20650d3f307a
[90m2024-11-26T09:58:04.435Z[39m [32mDEBUG[39m [97m@wdio/browserstack-service[39m Updating Browserstack session at https://api.browserstack.com/automate/sessions/72d91af1dada89d2e2152b11ca6a20650d3f307a.json with request body: 
[90m2024-11-26T09:58:04.962Z[39m [32mDEBUG[39m [97m@wdio/browserstack-service[39m Added data to request queue. Queue length = 3
[90m2024-11-26T09:58:05.446Z[39m [32mDEBUG[39m [97m@wdio/browserstack-service[39m Sending data from request queue. Data length = 3, Queue length after removal = 0
[90m2024-11-26T09:58:05.446Z[39m [32mDEBUG[39m [97m@wdio/browserstack-service[39m calling callback with kind INTERVAL_QUEUE
[90m2024-11-26T09:58:05.446Z[39m [32mDEBUG[39m [97m@wdio/browserstack-service[39m callback: called with events 3
[90m2024-11-26T09:58:05.491Z[39m [32mDEBUG[39m [97m@wdio/browserstack-service[39m Added data to request queue. Queue length = 1
[90m2024-11-26T09:58:05.661Z[39m [32mDEBUG[39m [97m@wdio/browserstack-service[39m [BATCH_DATA] Success response: {"success":true}
[90m2024-11-26T09:58:05.661Z[39m [32mDEBUG[39m [97m@wdio/browserstack-service[39m callback: marking events success 3
[90m2024-11-26T09:58:05.678Z[39m [32mDEBUG[39m [97m@wdio/browserstack-service[39m Added data to request queue. Queue length = 2
[90m2024-11-26T09:58:06.623Z[39m [32mDEBUG[39m [97m@wdio/browserstack-service[39m Added data to request queue. Queue length = 3
[90m2024-11-26T09:58:06.796Z[39m [32mDEBUG[39m [97m@wdio/browserstack-service[39m Added data to request queue. Queue length = 4
[90m2024-11-26T09:58:06.941Z[39m [32mDEBUG[39m [97m@wdio/browserstack-service[39m Added data to request queue. Queue length = 5
[90m2024-11-26T09:58:07.309Z[39m [32mDEBUG[39m [97m@wdio/browserstack-service[39m Added data to request queue. Queue length = 6
[90m2024-11-26T09:58:07.451Z[39m [32mDEBUG[39m [97m@wdio/browserstack-service[39m Sending data from request queue. Data length = 6, Queue length after removal = 0
[90m2024-11-26T09:58:07.451Z[39m [32mDEBUG[39m [97m@wdio/browserstack-service[39m calling callback with kind INTERVAL_QUEUE
[90m2024-11-26T09:58:07.451Z[39m [32mDEBUG[39m [97m@wdio/browserstack-service[39m callback: called with events 6
[90m2024-11-26T09:58:07.611Z[39m [32mDEBUG[39m [97m@wdio/browserstack-service[39m [BATCH_DATA] Success response: {"success":true}
[90m2024-11-26T09:58:07.611Z[39m [32mDEBUG[39m [97m@wdio/browserstack-service[39m callback: marking events success 6
[90m2024-11-26T09:58:08.238Z[39m [32mDEBUG[39m [97m@wdio/browserstack-service[39m Added data to request queue. Queue length = 1
[90m2024-11-26T09:58:09.014Z[39m [32mDEBUG[39m [97m@wdio/browserstack-service[39m Added data to request queue. Queue length = 2
[90m2024-11-26T09:58:09.167Z[39m [32mDEBUG[39m [97m@wdio/browserstack-service[39m Added data to request queue. Queue length = 3
[90m2024-11-26T09:58:09.464Z[39m [32mDEBUG[39m [97m@wdio/browserstack-service[39m Sending data from request queue. Data length = 3, Queue length after removal = 0
[90m2024-11-26T09:58:09.464Z[39m [32mDEBUG[39m [97m@wdio/browserstack-service[39m calling callback with kind INTERVAL_QUEUE
[90m2024-11-26T09:58:09.464Z[39m [32mDEBUG[39m [97m@wdio/browserstack-service[39m callback: called with events 3
[90m2024-11-26T09:58:09.565Z[39m [32mDEBUG[39m [97m@wdio/browserstack-service[39m Added data to request queue. Queue length = 1
[90m2024-11-26T09:58:09.636Z[39m [32mDEBUG[39m [97m@wdio/browserstack-service[39m [BATCH_DATA] Success response: {"success":true}
[90m2024-11-26T09:58:09.636Z[39m [32mDEBUG[39m [97m@wdio/browserstack-service[39m callback: marking events success 3
[90m2024-11-26T09:58:10.831Z[39m [32mDEBUG[39m [97m@wdio/browserstack-service[39m Added data to request queue. Queue length = 2
[90m2024-11-26T09:58:11.182Z[39m [32mDEBUG[39m [97m@wdio/browserstack-service[39m Added data to request queue. Queue length = 3
[90m2024-11-26T09:58:11.465Z[39m [32mDEBUG[39m [97m@wdio/browserstack-service[39m Sending data from request queue. Data length = 3, Queue length after removal = 0
[90m2024-11-26T09:58:11.465Z[39m [32mDEBUG[39m [97m@wdio/browserstack-service[39m calling callback with kind INTERVAL_QUEUE
[90m2024-11-26T09:58:11.465Z[39m [32mDEBUG[39m [97m@wdio/browserstack-service[39m callback: called with events 3
[90m2024-11-26T09:58:11.624Z[39m [32mDEBUG[39m [97m@wdio/browserstack-service[39m [BATCH_DATA] Success response: {"success":true}
[90m2024-11-26T09:58:11.624Z[39m [32mDEBUG[39m [97m@wdio/browserstack-service[39m callback: marking events success 3
[90m2024-11-26T09:58:11.845Z[39m [32mDEBUG[39m [97m@wdio/browserstack-service[39m Added data to request queue. Queue length = 1
[90m2024-11-26T09:58:12.686Z[39m [32mDEBUG[39m [97m@wdio/browserstack-service[39m Added data to request queue. Queue length = 2
[90m2024-11-26T09:58:12.879Z[39m [32mDEBUG[39m [97m@wdio/browserstack-service[39m Added data to request queue. Queue length = 3
[90m2024-11-26T09:58:13.478Z[39m [32mDEBUG[39m [97m@wdio/browserstack-service[39m Sending data from request queue. Data length = 3, Queue length after removal = 0
[90m2024-11-26T09:58:13.478Z[39m [32mDEBUG[39m [97m@wdio/browserstack-service[39m calling callback with kind INTERVAL_QUEUE
[90m2024-11-26T09:58:13.478Z[39m [32mDEBUG[39m [97m@wdio/browserstack-service[39m callback: called with events 3
[90m2024-11-26T09:58:13.637Z[39m [32mDEBUG[39m [97m@wdio/browserstack-service[39m [BATCH_DATA] Success response: {"success":true}
[90m2024-11-26T09:58:13.637Z[39m [32mDEBUG[39m [97m@wdio/browserstack-service[39m callback: marking events success 3
[90m2024-11-26T09:58:13.794Z[39m [32mDEBUG[39m [97m@wdio/browserstack-service[39m Added data to request queue. Queue length = 1
[90m2024-11-26T09:58:14.043Z[39m [32mDEBUG[39m [97m@wdio/browserstack-service[39m Added data to request queue. Queue length = 2
[90m2024-11-26T09:58:14.551Z[39m [32mDEBUG[39m [97m@wdio/browserstack-service[39m Added data to request queue. Queue length = 3
[90m2024-11-26T09:58:15.142Z[39m [32mDEBUG[39m [97m@wdio/browserstack-service[39m Added data to request queue. Queue length = 4
[90m2024-11-26T09:58:15.488Z[39m [32mDEBUG[39m [97m@wdio/browserstack-service[39m Sending data from request queue. Data length = 4, Queue length after removal = 0
[90m2024-11-26T09:58:15.488Z[39m [32mDEBUG[39m [97m@wdio/browserstack-service[39m calling callback with kind INTERVAL_QUEUE
[90m2024-11-26T09:58:15.488Z[39m [32mDEBUG[39m [97m@wdio/browserstack-service[39m callback: called with events 4
[90m2024-11-26T09:58:15.645Z[39m [32mDEBUG[39m [97m@wdio/browserstack-service[39m [BATCH_DATA] Success response: {"success":true}
[90m2024-11-26T09:58:15.645Z[39m [32mDEBUG[39m [97m@wdio/browserstack-service[39m callback: marking events success 4
[90m2024-11-26T09:58:15.658Z[39m [32mDEBUG[39m [97m@wdio/browserstack-service[39m Added data to request queue. Queue length = 1
[90m2024-11-26T09:58:16.108Z[39m [32mDEBUG[39m [97m@wdio/browserstack-service[39m Added data to request queue. Queue length = 2
[90m2024-11-26T09:58:16.575Z[39m [32mDEBUG[39m [97m@wdio/browserstack-service[39m Added data to request queue. Queue length = 3
[90m2024-11-26T09:58:17.009Z[39m [32mDEBUG[39m [97m@wdio/browserstack-service[39m Added data to request queue. Queue length = 4
[90m2024-11-26T09:58:17.503Z[39m [32mDEBUG[39m [97m@wdio/browserstack-service[39m Sending data from request queue. Data length = 4, Queue length after removal = 0
[90m2024-11-26T09:58:17.503Z[39m [32mDEBUG[39m [97m@wdio/browserstack-service[39m calling callback with kind INTERVAL_QUEUE
[90m2024-11-26T09:58:17.503Z[39m [32mDEBUG[39m [97m@wdio/browserstack-service[39m callback: called with events 4
[90m2024-11-26T09:58:17.613Z[39m [32mDEBUG[39m [97m@wdio/browserstack-service[39m Added data to request queue. Queue length = 1
[90m2024-11-26T09:58:17.663Z[39m [32mDEBUG[39m [97m@wdio/browserstack-service[39m [BATCH_DATA] Success response: {"success":true}
[90m2024-11-26T09:58:17.663Z[39m [32mDEBUG[39m [97m@wdio/browserstack-service[39m callback: marking events success 4
[90m2024-11-26T09:58:18.110Z[39m [32mDEBUG[39m [97m@wdio/browserstack-service[39m Added data to request queue. Queue length = 2
[90m2024-11-26T09:58:18.536Z[39m [32mDEBUG[39m [97m@wdio/browserstack-service[39m Added data to request queue. Queue length = 3
[90m2024-11-26T09:58:19.085Z[39m [32mDEBUG[39m [97m@wdio/browserstack-service[39m Added data to request queue. Queue length = 4
[90m2024-11-26T09:58:19.511Z[39m [32mDEBUG[39m [97m@wdio/browserstack-service[39m Sending data from request queue. Data length = 4, Queue length after removal = 0
[90m2024-11-26T09:58:19.511Z[39m [32mDEBUG[39m [97m@wdio/browserstack-service[39m calling callback with kind INTERVAL_QUEUE
[90m2024-11-26T09:58:19.511Z[39m [32mDEBUG[39m [97m@wdio/browserstack-service[39m callback: called with events 4
[90m2024-11-26T09:58:19.575Z[39m [32mDEBUG[39m [97m@wdio/browserstack-service[39m Added data to request queue. Queue length = 1
[90m2024-11-26T09:58:20.008Z[39m [32mDEBUG[39m [97m@wdio/browserstack-service[39m Added data to request queue. Queue length = 2
[90m2024-11-26T09:58:20.082Z[39m [32mDEBUG[39m [97m@wdio/browserstack-service[39m [BATCH_DATA] Success response: {"success":true}
[90m2024-11-26T09:58:20.082Z[39m [32mDEBUG[39m [97m@wdio/browserstack-service[39m callback: marking events success 4
[90m2024-11-26T09:58:20.525Z[39m [32mDEBUG[39m [97m@wdio/browserstack-service[39m Added data to request queue. Queue length = 3
[90m2024-11-26T09:58:21.109Z[39m [32mDEBUG[39m [97m@wdio/browserstack-service[39m Added data to request queue. Queue length = 4
[90m2024-11-26T09:58:21.519Z[39m [32mDEBUG[39m [97m@wdio/browserstack-service[39m Sending data from request queue. Data length = 4, Queue length after removal = 0
[90m2024-11-26T09:58:21.519Z[39m [32mDEBUG[39m [97m@wdio/browserstack-service[39m calling callback with kind INTERVAL_QUEUE
[90m2024-11-26T09:58:21.519Z[39m [32mDEBUG[39m [97m@wdio/browserstack-service[39m callback: called with events 4
[90m2024-11-26T09:58:21.626Z[39m [32mDEBUG[39m [97m@wdio/browserstack-service[39m Added data to request queue. Queue length = 1
[90m2024-11-26T09:58:21.702Z[39m [32mDEBUG[39m [97m@wdio/browserstack-service[39m [BATCH_DATA] Success response: {"success":true}
[90m2024-11-26T09:58:21.702Z[39m [32mDEBUG[39m [97m@wdio/browserstack-service[39m callback: marking events success 4
[90m2024-11-26T09:58:22.023Z[39m [32mDEBUG[39m [97m@wdio/browserstack-service[39m Added data to request queue. Queue length = 2
[90m2024-11-26T09:58:22.569Z[39m [32mDEBUG[39m [97m@wdio/browserstack-service[39m Added data to request queue. Queue length = 3
[90m2024-11-26T09:58:23.051Z[39m [32mDEBUG[39m [97m@wdio/browserstack-service[39m Added data to request queue. Queue length = 4
[90m2024-11-26T09:58:23.524Z[39m [32mDEBUG[39m [97m@wdio/browserstack-service[39m Sending data from request queue. Data length = 4, Queue length after removal = 0
[90m2024-11-26T09:58:23.524Z[39m [32mDEBUG[39m [97m@wdio/browserstack-service[39m calling callback with kind INTERVAL_QUEUE
[90m2024-11-26T09:58:23.524Z[39m [32mDEBUG[39m [97m@wdio/browserstack-service[39m callback: called with events 4
[90m2024-11-26T09:58:23.543Z[39m [32mDEBUG[39m [97m@wdio/browserstack-service[39m Added data to request queue. Queue length = 1
[90m2024-11-26T09:58:23.686Z[39m [32mDEBUG[39m [97m@wdio/browserstack-service[39m [BATCH_DATA] Success response: {"success":true}
[90m2024-11-26T09:58:23.686Z[39m [32mDEBUG[39m [97m@wdio/browserstack-service[39m callback: marking events success 4
[90m2024-11-26T09:58:23.870Z[39m [32mDEBUG[39m [97m@wdio/browserstack-service[39m Accessibility after test hook. Before sending test stop event
[90m2024-11-26T09:58:23.870Z[39m [32mDEBUG[39m [97m@wdio/browserstack-service[39m Added data to request queue. Queue length = 2
[90m2024-11-26T09:58:23.871Z[39m [32mDEBUG[39m [97m@wdio/browserstack-service[39m Added data to request queue. Queue length = 3
[90m2024-11-26T09:58:24.226Z[39m [32mDEBUG[39m [97m@wdio/browserstack-service[39m Added data to request queue. Queue length = 4
[90m2024-11-26T09:58:24.226Z[39m [32mDEBUG[39m [97m@wdio/browserstack-service[39m Added data to request queue. Queue length = 5
[90m2024-11-26T09:58:24.227Z[39m [96mINFO[39m [97m@wdio/browserstack-service[39m Update job with sessionId 72d91af1dada89d2e2152b11ca6a20650d3f307a
[90m2024-11-26T09:58:24.227Z[39m [32mDEBUG[39m [97m@wdio/browserstack-service[39m Updating Browserstack session at https://api.browserstack.com/automate/sessions/72d91af1dada89d2e2152b11ca6a20650d3f307a.json with request body: 
[90m2024-11-26T09:58:24.581Z[39m [32mDEBUG[39m [97m@wdio/browserstack-service[39m teardown started
[90m2024-11-26T09:58:24.581Z[39m [32mDEBUG[39m [97m@wdio/browserstack-service[39m shutdown started
[90m2024-11-26T09:58:24.581Z[39m [32mDEBUG[39m [97m@wdio/browserstack-service[39m Shutting down request queue
[90m2024-11-26T09:58:24.581Z[39m [32mDEBUG[39m [97m@wdio/browserstack-service[39m calling callback with kind SHUTDOWN_QUEUE
[90m2024-11-26T09:58:24.581Z[39m [32mDEBUG[39m [97m@wdio/browserstack-service[39m callback: called with events 5
[90m2024-11-26T09:58:24.752Z[39m [32mDEBUG[39m [97m@wdio/browserstack-service[39m [BATCH_DATA] Success response: {"success":true}
[90m2024-11-26T09:58:24.752Z[39m [32mDEBUG[39m [97m@wdio/browserstack-service[39m callback: marking events success 5
[90m2024-11-26T09:58:24.752Z[39m [32mDEBUG[39m [97m@wdio/browserstack-service[39m shutdown ended
[90m2024-11-26T09:58:24.752Z[39m [32mDEBUG[39m [97m@wdio/browserstack-service[39m teardown ended
[90m2024-11-26T09:58:25.325Z[39m [32mDEBUG[39m [97m@wdio/browserstack-service[39m Added data to request queue. Queue length = 1
[90m2024-11-26T09:58:25.325Z[39m [32mDEBUG[39m [97m@wdio/browserstack-service[39m Force request-queue shutdown, as test run event is received after teardown
[90m2024-11-26T09:58:25.325Z[39m [32mDEBUG[39m [97m@wdio/browserstack-service[39m Sending data from request queue. Data length = 1, Queue length after removal = 0
[90m2024-11-26T09:58:25.325Z[39m [32mDEBUG[39m [97m@wdio/browserstack-service[39m calling callback with kind INTERVAL_QUEUE
[90m2024-11-26T09:58:25.325Z[39m [32mDEBUG[39m [97m@wdio/browserstack-service[39m callback: called with events 1
[90m2024-11-26T09:58:25.463Z[39m [32mDEBUG[39m [97m@wdio/browserstack-service[39m Inside OnComplete hook..
[90m2024-11-26T09:58:25.463Z[39m [32mDEBUG[39m [97m@wdio/browserstack-service[39m Sending stop launch event
[90m2024-11-26T09:58:25.941Z[39m [32mDEBUG[39m [97m@wdio/browserstack-service[39m [STOP_BUILD] Success response: 
[90m2024-11-26T09:58:25.942Z[39m [32mDEBUG[39m [97m@wdio/browserstack-service[39m Reading worker file worker-data-17792.json
[90m2024-11-26T09:58:25.945Z[39m [32mDEBUG[39m [97m@wdio/browserstack-service[39m Sending SDK event with data {
  userName: '[REDACTED]',
  accessKey: '[REDACTED]',
  event_type: 'SDKTestSuccessful',
  detectedFramework: 'WebdriverIO-mocha',
  event_properties: {
    language_framework: 'WebdriverIO_mocha',
    referrer: 'WebdriverIO-mocha/9.2.14',
    language: 'WebdriverIO',
    languageVersion: 'v18.19.1',
    buildName: 'undefined',
    buildIdentifier: 'undefined',
    os: 'Windows_NT',
    hostname: 'Michael',
    productMap: {
      observability: true,
      accessibility: false,
      percy: false,
      automate: false,
      app_automate: true
    },
    product: [ 'observability', 'app-automate' ],
    productUsage: {
      testObservability: {
        enabled: true,
        manuallySet: false,
        buildHashedId: 'urjgcmhygw322v8qkqa4mf2qysa8zidgyrf6svgi',
        events: {
          buildEvents: {
            started: { isTriggered: true, status: 'success', error: undefined },
            finished: { isTriggered: true, status: 'success', error: undefined }
          },
          testEvents: {
            started: { triggeredCount: 1, sentCount: 1, failedCount: 0 },
            finished: { triggeredCount: 1, sentCount: 1, failedCount: 0 },
            failed: { triggeredCount: 1, sentCount: 1, failedCount: 0 }
          },
          hookEvents: {
            started: { triggeredCount: 3, sentCount: 3, failedCount: 0 },
            finished: { triggeredCount: 3, sentCount: 3, failedCount: 0 },
            passed: { triggeredCount: 3, sentCount: 3, failedCount: 0 }
          },
          logEvents: {
            triggeredCount: 54,
            sentCount: 54,
            failedCount: 0,
            http: { triggeredCount: 54, sentCount: 54, failedCount: 0 }
          },
          cbtSessionEvents: { triggeredCount: 0, sentCount: 0, failedCount: 0 }
        }
      }
    }
  }
}
[90m2024-11-26T09:58:26.310Z[39m [32mDEBUG[39m [97m@wdio/browserstack-service[39m Funnel Event Response: "{\"message\":\"SDK Event recorded successfully\"}"
[90m2024-11-26T09:58:26.310Z[39m [32mDEBUG[39m [97m@wdio/browserstack-service[39m Funnel event success
[90m2024-11-26T09:58:26.314Z[39m [32mDEBUG[39m [97m@wdio/browserstack-service[39m Error in firing request https://upload-observability.browserstack.com/client-logs/upload: TypeError: fetch failed
    at Object.fetch (node:internal/deps/undici/undici:11731:11)
    at process.processTicksAndRejections (node:internal/process/task_queues:95:5)
    at async nodeRequest (file:///C:/Users/Tester/Mobile%20Course/wdio-appium/node_modules/@wdio/browserstack-service/build/index.js:925:22)
    at async uploadLogs (file:///C:/Users/Tester/Mobile%20Course/wdio-appium/node_modules/@wdio/browserstack-service/build/index.js:1783:20)
    at async BrowserstackLauncherService._uploadServiceLogs (file:///C:/Users/Tester/Mobile%20Course/wdio-appium/node_modules/@wdio/browserstack-service/build/index.js:3289:22)
    at async BrowserstackLauncherService.onComplete (file:///C:/Users/Tester/Mobile%20Course/wdio-appium/node_modules/@wdio/browserstack-service/build/index.js:3162:7)
    at async file:///C:/Users/Tester/Mobile%20Course/wdio-appium/node_modules/@wdio/cli/build/index.js:1207:9
    at async Promise.all (index 0)
    at async Launcher.run (file:///C:/Users/Tester/Mobile%20Course/wdio-appium/node_modules/@wdio/cli/build/index.js:2285:7) {
  cause: InvalidArgumentError: invalid content-length header
      at processHeader (node:internal/deps/undici/undici:6661:17)
      at new Request (node:internal/deps/undici/undici:6502:13)
      at [http1 build request] (node:internal/deps/undici/undici:6595:16)
      at [dispatch] (node:internal/deps/undici/undici:7697:139)
      at Intercept (node:internal/deps/undici/undici:7377:20)
      at [Intercepted Dispatch] (node:internal/deps/undici/undici:6007:16)
      at Client.dispatch (node:internal/deps/undici/undici:6023:44)
      at [dispatch] (node:internal/deps/undici/undici:6254:32)
      at [Intercepted Dispatch] (node:internal/deps/undici/undici:6000:33)
      at Pool.dispatch (node:internal/deps/undici/undici:6023:44) {
    code: 'UND_ERR_INVALID_ARG'
  }
}
[90m2024-11-26T09:58:26.314Z[39m [32mDEBUG[39m [97m@wdio/browserstack-service[39m Failed to fire api request due to TypeError: fetch failed - TypeError: fetch failed
    at Object.fetch (node:internal/deps/undici/undici:11731:11)
    at process.processTicksAndRejections (node:internal/process/task_queues:95:5)
    at async nodeRequest (file:///C:/Users/Tester/Mobile%20Course/wdio-appium/node_modules/@wdio/browserstack-service/build/index.js:925:22)
    at async uploadLogs (file:///C:/Users/Tester/Mobile%20Course/wdio-appium/node_modules/@wdio/browserstack-service/build/index.js:1783:20)
    at async BrowserstackLauncherService._uploadServiceLogs (file:///C:/Users/Tester/Mobile%20Course/wdio-appium/node_modules/@wdio/browserstack-service/build/index.js:3289:22)
    at async BrowserstackLauncherService.onComplete (file:///C:/Users/Tester/Mobile%20Course/wdio-appium/node_modules/@wdio/browserstack-service/build/index.js:3162:7)
    at async file:///C:/Users/Tester/Mobile%20Course/wdio-appium/node_modules/@wdio/cli/build/index.js:1207:9
    at async Promise.all (index 0)
    at async Launcher.run (file:///C:/Users/Tester/Mobile%20Course/wdio-appium/node_modules/@wdio/cli/build/index.js:2285:7)
[90m2024-11-26T09:58:26.314Z[39m [32mDEBUG[39m [97m@wdio/browserstack-service[39m Response - undefined
